error[E0277]: the trait bound `Nested: Constraints` is not satisfied
 --> tests/compile-fail/no_nested_validations.rs:3:10
  |
3 | #[derive(Validate)]
  |          ^^^^^^^^ the trait `Constraints` is not implemented for `Nested`
  |
  = help: the following other types implement trait `Constraints`:
            &T
            &[T]
            BTreeMap<K, V>
            BTreeSet<T>
            HashMap<K, V, S>
            HashSet<T, S>
            Option<T>
            Test
          and $N others
  = note: this error originates in the derive macro `Validate` (in Nightly builds, run with -Z macro-backtrace for more info)

error[E0599]: no method named `validate` found for struct `Nested` in the current scope
 --> tests/compile-fail/no_nested_validations.rs:3:10
  |
3 | #[derive(Validate)]
  |          ^^^^^^^^ method not found in `Nested`
...
9 | struct Nested {
  | ------------- method `validate` not found for this struct
  |
  = help: items from traits can only be used if the trait is implemented and in scope
  = note: the following trait defines an item `validate`, perhaps you need to implement it:
          candidate #1: `Validate`
  = note: this error originates in the derive macro `Validate` (in Nightly builds, run with -Z macro-backtrace for more info)
